{"uid":"35432e35d4bf4839","name":"test_should_be_check_each_element_by_the_names_of_the_checkboxes","fullName":"tests.test_elements_page#test_should_be_check_each_element_by_the_names_of_the_checkboxes","historyId":"7ea79e93675ccd16049624abeb3d9bec","time":{"start":1655916771442,"stop":1655916774134,"duration":2692},"description":"\n    The test is initially a failure for demonstration.\n    ","descriptionHtml":"<pre><code>The test is initially a failure for demonstration.\n</code></pre>\n","status":"skipped","statusMessage":"XFAIL A dropped test going into x fail, to fix it, you need to change the locator to the correct one\n\nAssertionError: Dropped test going into x fail","statusTrace":"driver = <selenium.webdriver.firefox.webdriver.WebDriver (session=\"e0e5cf6c-3328-4678-82cf-d94cc5f11114\")>\n\n    @pytest.mark.new\n    @pytest.mark.xfail(reason=\"A dropped test going into x fail, to fix it, \"\n                              \"you need to change the locator to the correct one\")\n    def test_should_be_check_each_element_by_the_names_of_the_checkboxes(driver):\n        \"\"\"\n        The test is initially a failure for demonstration.\n        \"\"\"\n        link = \"https://demoqa.com/checkbox\"\n        page = ElementsCheckBoxPage(driver, link)\n        page.open()\n        page.should_be_check_box_page()\n        # dropped test\n>       page.should_be_click_rct_icon_expand_all_form_error()\n\ntests\\test_elements_page.py:44: \n_ _ _ _ _ _ _ _ _ _ _ _ _ _ _ _ _ _ _ _ _ _ _ _ _ _ _ _ _ _ _ _ _ _ _ _ _ _ _ _ _ _ _ _ _ _ _ _ _ _ _ _ _ _ _ _ _ _ _ _ _ _ _ _ _ _ _ _ _ _ _ _ _ _ _ _ _ _ _ _ _ _ _ _ _ _ _ _ _ _ _ _ _ _ _ _ _ _ _ _ _ _ _ _ _ _ _ _ _ _ _ _ _ _ _ _\n\nself = <src.pages.check_box_page.ElementsCheckBoxPage object at 0x0000021657FCABB0>\n\n    def should_be_click_rct_icon_expand_all_form_error(self):\n>       assert self.is_element_click(*CheckBoxLocators.RCT_ICON_EXPAND_ALL_ERROR), \"Dropped test going into x fail\"\nE       AssertionError: Dropped test going into x fail\n\nsrc\\pages\\check_box_page.py:24: AssertionError","flaky":false,"newFailed":false,"newBroken":false,"newPassed":false,"retriesCount":0,"retriesStatusChange":false,"beforeStages":[{"name":"driver","time":{"start":1655916763114,"stop":1655916771441,"duration":8327},"status":"passed","steps":[],"attachments":[],"parameters":[],"attachmentsCount":0,"shouldDisplayMessage":false,"hasContent":false,"stepsCount":0}],"afterStages":[{"name":"driver::0","time":{"start":1655916774239,"stop":1655916776445,"duration":2206},"status":"passed","steps":[],"attachments":[],"parameters":[],"attachmentsCount":0,"shouldDisplayMessage":false,"hasContent":false,"stepsCount":0}],"labels":[{"name":"tag","value":"@pytest.mark.xfail(reason='A dropped test going into x fail, to fix it, you need to change the locator to the correct one')"},{"name":"tag","value":"new"},{"name":"parentSuite","value":"tests"},{"name":"suite","value":"test_elements_page"},{"name":"host","value":"Виндоус-ПК"},{"name":"thread","value":"7212-MainThread"},{"name":"framework","value":"pytest"},{"name":"language","value":"cpython3"},{"name":"package","value":"tests.test_elements_page"},{"name":"resultFormat","value":"allure2"}],"parameters":[],"links":[],"hidden":false,"retry":false,"extra":{"severity":"normal","retries":[],"categories":[],"tags":["new","@pytest.mark.xfail(reason='A dropped test going into x fail, to fix it, you need to change the locator to the correct one')"]},"source":"35432e35d4bf4839.json","parameterValues":[]}