{"name": "test_should_be_check_each_element_by_the_names_of_the_checkboxes", "status": "skipped", "statusDetails": {"message": "XFAIL A dropped test going into x fail, to fix it, you need to change the locator to the correct one\n\nAssertionError: Dropped test going into x fail", "trace": "driver = <selenium.webdriver.firefox.webdriver.WebDriver (session=\"099821ed-6f7a-47d3-9774-bbe690e06740\")>\n\n    @allure.step\n    @pytest.mark.xfail(reason=\"A dropped test going into x fail, to fix it, \"\n                              \"you need to change the locator to the correct one\")\n    def test_should_be_check_each_element_by_the_names_of_the_checkboxes(driver):\n        \"\"\"\n        The test is initially a failure for demonstration.\n        \"\"\"\n        link = f\"{URL_DEMOQA}checkbox\"\n        page = ElementsCheckBoxPage(driver, link)\n        page.open()\n        page.should_be_check_box_page()\n        # dropped test\n>       page.should_be_click_rct_icon_expand_all_form_error()\n\ntests\\test_elements_page.py:52: \n_ _ _ _ _ _ _ _ _ _ _ _ _ _ _ _ _ _ _ _ _ _ _ _ _ _ _ _ _ _ _ _ _ _ _ _ _ _ _ _ _ _ _ _ _ _ _ _ _ _ _ _ _ _ _ _ _ _ _ _ _ _ _ _ _ _ _ _ _ _ _ _ _ _ _ _ _ _ _ _ _ _ _ _ _ _ _ _ _ _ _ _ _ _ _ _ _ _ _ _ _ _ _ _ _ _ _ _ _ _ _ _ _ _ _ _\n\nself = <src.pages.check_box_page.ElementsCheckBoxPage object at 0x0000023457CDF490>\n\n    def should_be_click_rct_icon_expand_all_form_error(self):\n>       assert self.is_element_click(*CheckBoxLocators.RCT_ICON_EXPAND_ALL_ERROR), \"Dropped test going into x fail\"\nE       AssertionError: Dropped test going into x fail\n\nsrc\\pages\\check_box_page.py:21: AssertionError"}, "description": "\n    The test is initially a failure for demonstration.\n    ", "steps": [{"name": "test_should_be_check_each_element_by_the_names_of_the_checkboxes", "status": "failed", "statusDetails": {"message": "AssertionError: Dropped test going into x fail\n", "trace": "  File \"C:\\python\\lib\\site-packages\\allure_commons\\_allure.py\", line 172, in impl\n    return func(*a, **kw)\n  File \"E:\\IdeaProjects\\test_automation_demoqa\\tests\\test_elements_page.py\", line 52, in test_should_be_check_each_element_by_the_names_of_the_checkboxes\n    page.should_be_click_rct_icon_expand_all_form_error()\n  File \"E:\\IdeaProjects\\test_automation_demoqa\\src\\pages\\check_box_page.py\", line 21, in should_be_click_rct_icon_expand_all_form_error\n    assert self.is_element_click(*CheckBoxLocators.RCT_ICON_EXPAND_ALL_ERROR), \"Dropped test going into x fail\"\n"}, "parameters": [{"name": "driver", "value": "<selenium.webdriver.firefox.webdriver.WebDriver (session=\"099821ed-6f7a-47d3-9774-bbe690e06740\")>"}], "start": 1656334494266, "stop": 1656334497755}], "start": 1656334494266, "stop": 1656334497756, "uuid": "fc7b1619-cffb-4fd1-910f-7169318d0f48", "historyId": "7ea79e93675ccd16049624abeb3d9bec", "testCaseId": "0927aa24d1c8683727dd1a90463b1421", "fullName": "tests.test_elements_page#test_should_be_check_each_element_by_the_names_of_the_checkboxes", "labels": [{"name": "tag", "value": "@pytest.mark.xfail(reason='A dropped test going into x fail, to fix it, you need to change the locator to the correct one')"}, {"name": "parentSuite", "value": "tests"}, {"name": "suite", "value": "test_elements_page"}, {"name": "host", "value": "Виндоус-ПК"}, {"name": "thread", "value": "12696-MainThread"}, {"name": "framework", "value": "pytest"}, {"name": "language", "value": "cpython3"}, {"name": "package", "value": "tests.test_elements_page"}]}