{"name": "test_should_be_check_each_element_by_the_names_of_the_checkboxes", "status": "skipped", "statusDetails": {"message": "XFAIL A dropped test going into x fail, to fix it, you need to change the locator to the correct one\n\nAssertionError: Dropped test going into x fail", "trace": "driver = <selenium.webdriver.firefox.webdriver.WebDriver (session=\"e0e5cf6c-3328-4678-82cf-d94cc5f11114\")>\n\n    @pytest.mark.new\n    @pytest.mark.xfail(reason=\"A dropped test going into x fail, to fix it, \"\n                              \"you need to change the locator to the correct one\")\n    def test_should_be_check_each_element_by_the_names_of_the_checkboxes(driver):\n        \"\"\"\n        The test is initially a failure for demonstration.\n        \"\"\"\n        link = \"https://demoqa.com/checkbox\"\n        page = ElementsCheckBoxPage(driver, link)\n        page.open()\n        page.should_be_check_box_page()\n        # dropped test\n>       page.should_be_click_rct_icon_expand_all_form_error()\n\ntests\\test_elements_page.py:44: \n_ _ _ _ _ _ _ _ _ _ _ _ _ _ _ _ _ _ _ _ _ _ _ _ _ _ _ _ _ _ _ _ _ _ _ _ _ _ _ _ _ _ _ _ _ _ _ _ _ _ _ _ _ _ _ _ _ _ _ _ _ _ _ _ _ _ _ _ _ _ _ _ _ _ _ _ _ _ _ _ _ _ _ _ _ _ _ _ _ _ _ _ _ _ _ _ _ _ _ _ _ _ _ _ _ _ _ _ _ _ _ _ _ _ _ _\n\nself = <src.pages.check_box_page.ElementsCheckBoxPage object at 0x0000021657FCABB0>\n\n    def should_be_click_rct_icon_expand_all_form_error(self):\n>       assert self.is_element_click(*CheckBoxLocators.RCT_ICON_EXPAND_ALL_ERROR), \"Dropped test going into x fail\"\nE       AssertionError: Dropped test going into x fail\n\nsrc\\pages\\check_box_page.py:24: AssertionError"}, "description": "\n    The test is initially a failure for demonstration.\n    ", "start": 1655916771442, "stop": 1655916774134, "uuid": "ac966205-4d6b-4355-a718-ed2cad1a81c5", "historyId": "7ea79e93675ccd16049624abeb3d9bec", "testCaseId": "0927aa24d1c8683727dd1a90463b1421", "fullName": "tests.test_elements_page#test_should_be_check_each_element_by_the_names_of_the_checkboxes", "labels": [{"name": "tag", "value": "@pytest.mark.xfail(reason='A dropped test going into x fail, to fix it, you need to change the locator to the correct one')"}, {"name": "tag", "value": "new"}, {"name": "parentSuite", "value": "tests"}, {"name": "suite", "value": "test_elements_page"}, {"name": "host", "value": "Виндоус-ПК"}, {"name": "thread", "value": "7212-MainThread"}, {"name": "framework", "value": "pytest"}, {"name": "language", "value": "cpython3"}, {"name": "package", "value": "tests.test_elements_page"}]}